[26-Feb-2022 23:34:21 UTC] PHP Warning:  require_once(includes/session_include.php): failed to open stream: No such file or directory in C:\Users\atous\Documents\Algonquin\Third Semester\CMS\MTM6303\inclass-4\site\app\public\index.php on line 2
[26-Feb-2022 23:34:21 UTC] PHP Stack trace:
[26-Feb-2022 23:34:21 UTC] PHP   1. {main}() C:\Users\atous\Documents\Algonquin\Third Semester\CMS\MTM6303\inclass-4\site\app\public\index.php:0
[26-Feb-2022 23:34:21 UTC] PHP Fatal error:  require_once(): Failed opening required 'includes/session_include.php' (include_path='.:/usr/share/php:/www/wp-content/pear') in C:\Users\atous\Documents\Algonquin\Third Semester\CMS\MTM6303\inclass-4\site\app\public\index.php on line 2
[26-Feb-2022 23:34:21 UTC] PHP Stack trace:
[26-Feb-2022 23:34:21 UTC] PHP   1. {main}() C:\Users\atous\Documents\Algonquin\Third Semester\CMS\MTM6303\inclass-4\site\app\public\index.php:0
[26-Feb-2022 23:34:21 UTC] PHP Warning:  require_once(includes/session_include.php): failed to open stream: No such file or directory in C:\Users\atous\Documents\Algonquin\Third Semester\CMS\MTM6303\inclass-4\site\app\public\index.php on line 2
[26-Feb-2022 23:34:21 UTC] PHP Stack trace:
[26-Feb-2022 23:34:21 UTC] PHP   1. {main}() C:\Users\atous\Documents\Algonquin\Third Semester\CMS\MTM6303\inclass-4\site\app\public\index.php:0
[26-Feb-2022 23:34:21 UTC] PHP Fatal error:  require_once(): Failed opening required 'includes/session_include.php' (include_path='.:/usr/share/php:/www/wp-content/pear') in C:\Users\atous\Documents\Algonquin\Third Semester\CMS\MTM6303\inclass-4\site\app\public\index.php on line 2
[26-Feb-2022 23:34:21 UTC] PHP Stack trace:
[26-Feb-2022 23:34:21 UTC] PHP   1. {main}() C:\Users\atous\Documents\Algonquin\Third Semester\CMS\MTM6303\inclass-4\site\app\public\index.php:0
[26-Feb-2022 23:34:57 UTC] PHP Warning:  include(includes/header.php): failed to open stream: No such file or directory in C:\Users\atous\Documents\Algonquin\Third Semester\CMS\MTM6303\inclass-4\site\app\public\index.php on line 6
[26-Feb-2022 23:34:57 UTC] PHP Stack trace:
[26-Feb-2022 23:34:57 UTC] PHP   1. {main}() C:\Users\atous\Documents\Algonquin\Third Semester\CMS\MTM6303\inclass-4\site\app\public\index.php:0
[26-Feb-2022 23:34:57 UTC] PHP Warning:  include(): Failed opening 'includes/header.php' for inclusion (include_path='.:/usr/share/php:/www/wp-content/pear') in C:\Users\atous\Documents\Algonquin\Third Semester\CMS\MTM6303\inclass-4\site\app\public\index.php on line 6
[26-Feb-2022 23:34:57 UTC] PHP Stack trace:
[26-Feb-2022 23:34:57 UTC] PHP   1. {main}() C:\Users\atous\Documents\Algonquin\Third Semester\CMS\MTM6303\inclass-4\site\app\public\index.php:0
[26-Feb-2022 23:34:57 UTC] PHP Warning:  include(includes/footer.php): failed to open stream: No such file or directory in C:\Users\atous\Documents\Algonquin\Third Semester\CMS\MTM6303\inclass-4\site\app\public\index.php on line 132
[26-Feb-2022 23:34:57 UTC] PHP Stack trace:
[26-Feb-2022 23:34:57 UTC] PHP   1. {main}() C:\Users\atous\Documents\Algonquin\Third Semester\CMS\MTM6303\inclass-4\site\app\public\index.php:0
[26-Feb-2022 23:34:57 UTC] PHP Warning:  include(): Failed opening 'includes/footer.php' for inclusion (include_path='.:/usr/share/php:/www/wp-content/pear') in C:\Users\atous\Documents\Algonquin\Third Semester\CMS\MTM6303\inclass-4\site\app\public\index.php on line 132
[26-Feb-2022 23:34:57 UTC] PHP Stack trace:
[26-Feb-2022 23:34:57 UTC] PHP   1. {main}() C:\Users\atous\Documents\Algonquin\Third Semester\CMS\MTM6303\inclass-4\site\app\public\index.php:0
[26-Feb-2022 23:34:57 UTC] PHP Warning:  include(includes/header.php): failed to open stream: No such file or directory in C:\Users\atous\Documents\Algonquin\Third Semester\CMS\MTM6303\inclass-4\site\app\public\index.php on line 6
[26-Feb-2022 23:34:57 UTC] PHP Stack trace:
[26-Feb-2022 23:34:57 UTC] PHP   1. {main}() C:\Users\atous\Documents\Algonquin\Third Semester\CMS\MTM6303\inclass-4\site\app\public\index.php:0
[26-Feb-2022 23:34:57 UTC] PHP Warning:  include(): Failed opening 'includes/header.php' for inclusion (include_path='.:/usr/share/php:/www/wp-content/pear') in C:\Users\atous\Documents\Algonquin\Third Semester\CMS\MTM6303\inclass-4\site\app\public\index.php on line 6
[26-Feb-2022 23:34:57 UTC] PHP Stack trace:
[26-Feb-2022 23:34:57 UTC] PHP   1. {main}() C:\Users\atous\Documents\Algonquin\Third Semester\CMS\MTM6303\inclass-4\site\app\public\index.php:0
[26-Feb-2022 23:34:57 UTC] PHP Warning:  include(includes/footer.php): failed to open stream: No such file or directory in C:\Users\atous\Documents\Algonquin\Third Semester\CMS\MTM6303\inclass-4\site\app\public\index.php on line 132
[26-Feb-2022 23:34:57 UTC] PHP Stack trace:
[26-Feb-2022 23:34:57 UTC] PHP   1. {main}() C:\Users\atous\Documents\Algonquin\Third Semester\CMS\MTM6303\inclass-4\site\app\public\index.php:0
[26-Feb-2022 23:34:57 UTC] PHP Warning:  include(): Failed opening 'includes/footer.php' for inclusion (include_path='.:/usr/share/php:/www/wp-content/pear') in C:\Users\atous\Documents\Algonquin\Third Semester\CMS\MTM6303\inclass-4\site\app\public\index.php on line 132
[26-Feb-2022 23:34:57 UTC] PHP Stack trace:
[26-Feb-2022 23:34:57 UTC] PHP   1. {main}() C:\Users\atous\Documents\Algonquin\Third Semester\CMS\MTM6303\inclass-4\site\app\public\index.php:0
[26-Feb-2022 23:35:16 UTC] PHP Warning:  require_once(includes/session_include.php): failed to open stream: No such file or directory in C:\Users\atous\Documents\Algonquin\Third Semester\CMS\MTM6303\inclass-4\site\app\public\index.php on line 2
[26-Feb-2022 23:35:16 UTC] PHP Stack trace:
[26-Feb-2022 23:35:16 UTC] PHP   1. {main}() C:\Users\atous\Documents\Algonquin\Third Semester\CMS\MTM6303\inclass-4\site\app\public\index.php:0
[26-Feb-2022 23:35:16 UTC] PHP Fatal error:  require_once(): Failed opening required 'includes/session_include.php' (include_path='.:/usr/share/php:/www/wp-content/pear') in C:\Users\atous\Documents\Algonquin\Third Semester\CMS\MTM6303\inclass-4\site\app\public\index.php on line 2
[26-Feb-2022 23:35:16 UTC] PHP Stack trace:
[26-Feb-2022 23:35:16 UTC] PHP   1. {main}() C:\Users\atous\Documents\Algonquin\Third Semester\CMS\MTM6303\inclass-4\site\app\public\index.php:0
[26-Feb-2022 23:35:16 UTC] PHP Warning:  require_once(includes/session_include.php): failed to open stream: No such file or directory in C:\Users\atous\Documents\Algonquin\Third Semester\CMS\MTM6303\inclass-4\site\app\public\index.php on line 2
[26-Feb-2022 23:35:16 UTC] PHP Stack trace:
[26-Feb-2022 23:35:16 UTC] PHP   1. {main}() C:\Users\atous\Documents\Algonquin\Third Semester\CMS\MTM6303\inclass-4\site\app\public\index.php:0
[26-Feb-2022 23:35:16 UTC] PHP Fatal error:  require_once(): Failed opening required 'includes/session_include.php' (include_path='.:/usr/share/php:/www/wp-content/pear') in C:\Users\atous\Documents\Algonquin\Third Semester\CMS\MTM6303\inclass-4\site\app\public\index.php on line 2
[26-Feb-2022 23:35:16 UTC] PHP Stack trace:
[26-Feb-2022 23:35:16 UTC] PHP   1. {main}() C:\Users\atous\Documents\Algonquin\Third Semester\CMS\MTM6303\inclass-4\site\app\public\index.php:0
[26-Feb-2022 23:35:19 UTC] PHP Warning:  require_once(includes/session_include.php): failed to open stream: No such file or directory in C:\Users\atous\Documents\Algonquin\Third Semester\CMS\MTM6303\inclass-4\site\app\public\index.php on line 2
[26-Feb-2022 23:35:19 UTC] PHP Stack trace:
[26-Feb-2022 23:35:19 UTC] PHP   1. {main}() C:\Users\atous\Documents\Algonquin\Third Semester\CMS\MTM6303\inclass-4\site\app\public\index.php:0
[26-Feb-2022 23:35:19 UTC] PHP Fatal error:  require_once(): Failed opening required 'includes/session_include.php' (include_path='.:/usr/share/php:/www/wp-content/pear') in C:\Users\atous\Documents\Algonquin\Third Semester\CMS\MTM6303\inclass-4\site\app\public\index.php on line 2
[26-Feb-2022 23:35:19 UTC] PHP Stack trace:
[26-Feb-2022 23:35:19 UTC] PHP   1. {main}() C:\Users\atous\Documents\Algonquin\Third Semester\CMS\MTM6303\inclass-4\site\app\public\index.php:0
[26-Feb-2022 23:35:19 UTC] PHP Warning:  require_once(includes/session_include.php): failed to open stream: No such file or directory in C:\Users\atous\Documents\Algonquin\Third Semester\CMS\MTM6303\inclass-4\site\app\public\index.php on line 2
[26-Feb-2022 23:35:19 UTC] PHP Stack trace:
[26-Feb-2022 23:35:19 UTC] PHP   1. {main}() C:\Users\atous\Documents\Algonquin\Third Semester\CMS\MTM6303\inclass-4\site\app\public\index.php:0
[26-Feb-2022 23:35:19 UTC] PHP Fatal error:  require_once(): Failed opening required 'includes/session_include.php' (include_path='.:/usr/share/php:/www/wp-content/pear') in C:\Users\atous\Documents\Algonquin\Third Semester\CMS\MTM6303\inclass-4\site\app\public\index.php on line 2
[26-Feb-2022 23:35:19 UTC] PHP Stack trace:
[26-Feb-2022 23:35:19 UTC] PHP   1. {main}() C:\Users\atous\Documents\Algonquin\Third Semester\CMS\MTM6303\inclass-4\site\app\public\index.php:0
[26-Feb-2022 23:37:26 UTC] PHP Warning:  require_once(includes/session-include.php): failed to open stream: No such file or directory in C:\Users\atous\Documents\Algonquin\Third Semester\CMS\MTM6303\inclass-4\site\app\public\index.php on line 2
[26-Feb-2022 23:37:26 UTC] PHP Stack trace:
[26-Feb-2022 23:37:26 UTC] PHP   1. {main}() C:\Users\atous\Documents\Algonquin\Third Semester\CMS\MTM6303\inclass-4\site\app\public\index.php:0
[26-Feb-2022 23:37:26 UTC] PHP Fatal error:  require_once(): Failed opening required 'includes/session-include.php' (include_path='.:/usr/share/php:/www/wp-content/pear') in C:\Users\atous\Documents\Algonquin\Third Semester\CMS\MTM6303\inclass-4\site\app\public\index.php on line 2
[26-Feb-2022 23:37:26 UTC] PHP Stack trace:
[26-Feb-2022 23:37:26 UTC] PHP   1. {main}() C:\Users\atous\Documents\Algonquin\Third Semester\CMS\MTM6303\inclass-4\site\app\public\index.php:0
[26-Feb-2022 23:37:26 UTC] PHP Warning:  require_once(includes/session-include.php): failed to open stream: No such file or directory in C:\Users\atous\Documents\Algonquin\Third Semester\CMS\MTM6303\inclass-4\site\app\public\index.php on line 2
[26-Feb-2022 23:37:26 UTC] PHP Stack trace:
[26-Feb-2022 23:37:26 UTC] PHP   1. {main}() C:\Users\atous\Documents\Algonquin\Third Semester\CMS\MTM6303\inclass-4\site\app\public\index.php:0
[26-Feb-2022 23:37:26 UTC] PHP Fatal error:  require_once(): Failed opening required 'includes/session-include.php' (include_path='.:/usr/share/php:/www/wp-content/pear') in C:\Users\atous\Documents\Algonquin\Third Semester\CMS\MTM6303\inclass-4\site\app\public\index.php on line 2
[26-Feb-2022 23:37:26 UTC] PHP Stack trace:
[26-Feb-2022 23:37:26 UTC] PHP   1. {main}() C:\Users\atous\Documents\Algonquin\Third Semester\CMS\MTM6303\inclass-4\site\app\public\index.php:0
[26-Feb-2022 23:37:30 UTC] PHP Warning:  require_once(includes/session-include.php): failed to open stream: No such file or directory in C:\Users\atous\Documents\Algonquin\Third Semester\CMS\MTM6303\inclass-4\site\app\public\index.php on line 2
[26-Feb-2022 23:37:30 UTC] PHP Stack trace:
[26-Feb-2022 23:37:30 UTC] PHP   1. {main}() C:\Users\atous\Documents\Algonquin\Third Semester\CMS\MTM6303\inclass-4\site\app\public\index.php:0
[26-Feb-2022 23:37:30 UTC] PHP Fatal error:  require_once(): Failed opening required 'includes/session-include.php' (include_path='.:/usr/share/php:/www/wp-content/pear') in C:\Users\atous\Documents\Algonquin\Third Semester\CMS\MTM6303\inclass-4\site\app\public\index.php on line 2
[26-Feb-2022 23:37:30 UTC] PHP Stack trace:
[26-Feb-2022 23:37:30 UTC] PHP   1. {main}() C:\Users\atous\Documents\Algonquin\Third Semester\CMS\MTM6303\inclass-4\site\app\public\index.php:0
[26-Feb-2022 23:37:30 UTC] PHP Warning:  require_once(includes/session-include.php): failed to open stream: No such file or directory in C:\Users\atous\Documents\Algonquin\Third Semester\CMS\MTM6303\inclass-4\site\app\public\index.php on line 2
[26-Feb-2022 23:37:30 UTC] PHP Stack trace:
[26-Feb-2022 23:37:30 UTC] PHP   1. {main}() C:\Users\atous\Documents\Algonquin\Third Semester\CMS\MTM6303\inclass-4\site\app\public\index.php:0
[26-Feb-2022 23:37:30 UTC] PHP Fatal error:  require_once(): Failed opening required 'includes/session-include.php' (include_path='.:/usr/share/php:/www/wp-content/pear') in C:\Users\atous\Documents\Algonquin\Third Semester\CMS\MTM6303\inclass-4\site\app\public\index.php on line 2
[26-Feb-2022 23:37:30 UTC] PHP Stack trace:
[26-Feb-2022 23:37:30 UTC] PHP   1. {main}() C:\Users\atous\Documents\Algonquin\Third Semester\CMS\MTM6303\inclass-4\site\app\public\index.php:0
[26-Feb-2022 23:37:31 UTC] PHP Warning:  require_once(includes/session-include.php): failed to open stream: No such file or directory in C:\Users\atous\Documents\Algonquin\Third Semester\CMS\MTM6303\inclass-4\site\app\public\index.php on line 2
[26-Feb-2022 23:37:31 UTC] PHP Stack trace:
[26-Feb-2022 23:37:31 UTC] PHP   1. {main}() C:\Users\atous\Documents\Algonquin\Third Semester\CMS\MTM6303\inclass-4\site\app\public\index.php:0
[26-Feb-2022 23:37:31 UTC] PHP Fatal error:  require_once(): Failed opening required 'includes/session-include.php' (include_path='.:/usr/share/php:/www/wp-content/pear') in C:\Users\atous\Documents\Algonquin\Third Semester\CMS\MTM6303\inclass-4\site\app\public\index.php on line 2
[26-Feb-2022 23:37:31 UTC] PHP Stack trace:
[26-Feb-2022 23:37:31 UTC] PHP   1. {main}() C:\Users\atous\Documents\Algonquin\Third Semester\CMS\MTM6303\inclass-4\site\app\public\index.php:0
[26-Feb-2022 23:37:31 UTC] PHP Warning:  require_once(includes/session-include.php): failed to open stream: No such file or directory in C:\Users\atous\Documents\Algonquin\Third Semester\CMS\MTM6303\inclass-4\site\app\public\index.php on line 2
[26-Feb-2022 23:37:31 UTC] PHP Stack trace:
[26-Feb-2022 23:37:31 UTC] PHP   1. {main}() C:\Users\atous\Documents\Algonquin\Third Semester\CMS\MTM6303\inclass-4\site\app\public\index.php:0
[26-Feb-2022 23:37:31 UTC] PHP Fatal error:  require_once(): Failed opening required 'includes/session-include.php' (include_path='.:/usr/share/php:/www/wp-content/pear') in C:\Users\atous\Documents\Algonquin\Third Semester\CMS\MTM6303\inclass-4\site\app\public\index.php on line 2
[26-Feb-2022 23:37:31 UTC] PHP Stack trace:
[26-Feb-2022 23:37:31 UTC] PHP   1. {main}() C:\Users\atous\Documents\Algonquin\Third Semester\CMS\MTM6303\inclass-4\site\app\public\index.php:0
[26-Feb-2022 23:37:32 UTC] PHP Warning:  require_once(includes/session-include.php): failed to open stream: No such file or directory in C:\Users\atous\Documents\Algonquin\Third Semester\CMS\MTM6303\inclass-4\site\app\public\index.php on line 2
[26-Feb-2022 23:37:32 UTC] PHP Stack trace:
[26-Feb-2022 23:37:32 UTC] PHP   1. {main}() C:\Users\atous\Documents\Algonquin\Third Semester\CMS\MTM6303\inclass-4\site\app\public\index.php:0
[26-Feb-2022 23:37:32 UTC] PHP Fatal error:  require_once(): Failed opening required 'includes/session-include.php' (include_path='.:/usr/share/php:/www/wp-content/pear') in C:\Users\atous\Documents\Algonquin\Third Semester\CMS\MTM6303\inclass-4\site\app\public\index.php on line 2
[26-Feb-2022 23:37:32 UTC] PHP Stack trace:
[26-Feb-2022 23:37:32 UTC] PHP   1. {main}() C:\Users\atous\Documents\Algonquin\Third Semester\CMS\MTM6303\inclass-4\site\app\public\index.php:0
[26-Feb-2022 23:37:32 UTC] PHP Warning:  require_once(includes/session-include.php): failed to open stream: No such file or directory in C:\Users\atous\Documents\Algonquin\Third Semester\CMS\MTM6303\inclass-4\site\app\public\index.php on line 2
[26-Feb-2022 23:37:32 UTC] PHP Stack trace:
[26-Feb-2022 23:37:32 UTC] PHP   1. {main}() C:\Users\atous\Documents\Algonquin\Third Semester\CMS\MTM6303\inclass-4\site\app\public\index.php:0
[26-Feb-2022 23:37:32 UTC] PHP Fatal error:  require_once(): Failed opening required 'includes/session-include.php' (include_path='.:/usr/share/php:/www/wp-content/pear') in C:\Users\atous\Documents\Algonquin\Third Semester\CMS\MTM6303\inclass-4\site\app\public\index.php on line 2
[26-Feb-2022 23:37:32 UTC] PHP Stack trace:
[26-Feb-2022 23:37:32 UTC] PHP   1. {main}() C:\Users\atous\Documents\Algonquin\Third Semester\CMS\MTM6303\inclass-4\site\app\public\index.php:0
[26-Feb-2022 23:37:32 UTC] PHP Warning:  require_once(includes/session-include.php): failed to open stream: No such file or directory in C:\Users\atous\Documents\Algonquin\Third Semester\CMS\MTM6303\inclass-4\site\app\public\index.php on line 2
[26-Feb-2022 23:37:32 UTC] PHP Stack trace:
[26-Feb-2022 23:37:32 UTC] PHP   1. {main}() C:\Users\atous\Documents\Algonquin\Third Semester\CMS\MTM6303\inclass-4\site\app\public\index.php:0
[26-Feb-2022 23:37:32 UTC] PHP Fatal error:  require_once(): Failed opening required 'includes/session-include.php' (include_path='.:/usr/share/php:/www/wp-content/pear') in C:\Users\atous\Documents\Algonquin\Third Semester\CMS\MTM6303\inclass-4\site\app\public\index.php on line 2
[26-Feb-2022 23:37:32 UTC] PHP Stack trace:
[26-Feb-2022 23:37:32 UTC] PHP   1. {main}() C:\Users\atous\Documents\Algonquin\Third Semester\CMS\MTM6303\inclass-4\site\app\public\index.php:0
[26-Feb-2022 23:37:32 UTC] PHP Warning:  require_once(includes/session-include.php): failed to open stream: No such file or directory in C:\Users\atous\Documents\Algonquin\Third Semester\CMS\MTM6303\inclass-4\site\app\public\index.php on line 2
[26-Feb-2022 23:37:32 UTC] PHP Stack trace:
[26-Feb-2022 23:37:32 UTC] PHP   1. {main}() C:\Users\atous\Documents\Algonquin\Third Semester\CMS\MTM6303\inclass-4\site\app\public\index.php:0
[26-Feb-2022 23:37:32 UTC] PHP Fatal error:  require_once(): Failed opening required 'includes/session-include.php' (include_path='.:/usr/share/php:/www/wp-content/pear') in C:\Users\atous\Documents\Algonquin\Third Semester\CMS\MTM6303\inclass-4\site\app\public\index.php on line 2
[26-Feb-2022 23:37:32 UTC] PHP Stack trace:
[26-Feb-2022 23:37:32 UTC] PHP   1. {main}() C:\Users\atous\Documents\Algonquin\Third Semester\CMS\MTM6303\inclass-4\site\app\public\index.php:0
[26-Feb-2022 23:37:32 UTC] PHP Warning:  require_once(includes/session-include.php): failed to open stream: No such file or directory in C:\Users\atous\Documents\Algonquin\Third Semester\CMS\MTM6303\inclass-4\site\app\public\index.php on line 2
[26-Feb-2022 23:37:32 UTC] PHP Stack trace:
[26-Feb-2022 23:37:32 UTC] PHP   1. {main}() C:\Users\atous\Documents\Algonquin\Third Semester\CMS\MTM6303\inclass-4\site\app\public\index.php:0
[26-Feb-2022 23:37:32 UTC] PHP Fatal error:  require_once(): Failed opening required 'includes/session-include.php' (include_path='.:/usr/share/php:/www/wp-content/pear') in C:\Users\atous\Documents\Algonquin\Third Semester\CMS\MTM6303\inclass-4\site\app\public\index.php on line 2
[26-Feb-2022 23:37:32 UTC] PHP Stack trace:
[26-Feb-2022 23:37:32 UTC] PHP   1. {main}() C:\Users\atous\Documents\Algonquin\Third Semester\CMS\MTM6303\inclass-4\site\app\public\index.php:0
[26-Feb-2022 23:37:32 UTC] PHP Warning:  require_once(includes/session-include.php): failed to open stream: No such file or directory in C:\Users\atous\Documents\Algonquin\Third Semester\CMS\MTM6303\inclass-4\site\app\public\index.php on line 2
[26-Feb-2022 23:37:32 UTC] PHP Stack trace:
[26-Feb-2022 23:37:32 UTC] PHP   1. {main}() C:\Users\atous\Documents\Algonquin\Third Semester\CMS\MTM6303\inclass-4\site\app\public\index.php:0
[26-Feb-2022 23:37:32 UTC] PHP Fatal error:  require_once(): Failed opening required 'includes/session-include.php' (include_path='.:/usr/share/php:/www/wp-content/pear') in C:\Users\atous\Documents\Algonquin\Third Semester\CMS\MTM6303\inclass-4\site\app\public\index.php on line 2
[26-Feb-2022 23:37:32 UTC] PHP Stack trace:
[26-Feb-2022 23:37:32 UTC] PHP   1. {main}() C:\Users\atous\Documents\Algonquin\Third Semester\CMS\MTM6303\inclass-4\site\app\public\index.php:0
[26-Feb-2022 23:37:32 UTC] PHP Warning:  require_once(includes/session-include.php): failed to open stream: No such file or directory in C:\Users\atous\Documents\Algonquin\Third Semester\CMS\MTM6303\inclass-4\site\app\public\index.php on line 2
[26-Feb-2022 23:37:32 UTC] PHP Stack trace:
[26-Feb-2022 23:37:32 UTC] PHP   1. {main}() C:\Users\atous\Documents\Algonquin\Third Semester\CMS\MTM6303\inclass-4\site\app\public\index.php:0
[26-Feb-2022 23:37:32 UTC] PHP Fatal error:  require_once(): Failed opening required 'includes/session-include.php' (include_path='.:/usr/share/php:/www/wp-content/pear') in C:\Users\atous\Documents\Algonquin\Third Semester\CMS\MTM6303\inclass-4\site\app\public\index.php on line 2
[26-Feb-2022 23:37:32 UTC] PHP Stack trace:
[26-Feb-2022 23:37:32 UTC] PHP   1. {main}() C:\Users\atous\Documents\Algonquin\Third Semester\CMS\MTM6303\inclass-4\site\app\public\index.php:0
[26-Feb-2022 23:37:32 UTC] PHP Warning:  require_once(includes/session-include.php): failed to open stream: No such file or directory in C:\Users\atous\Documents\Algonquin\Third Semester\CMS\MTM6303\inclass-4\site\app\public\index.php on line 2
[26-Feb-2022 23:37:32 UTC] PHP Stack trace:
[26-Feb-2022 23:37:32 UTC] PHP   1. {main}() C:\Users\atous\Documents\Algonquin\Third Semester\CMS\MTM6303\inclass-4\site\app\public\index.php:0
[26-Feb-2022 23:37:32 UTC] PHP Fatal error:  require_once(): Failed opening required 'includes/session-include.php' (include_path='.:/usr/share/php:/www/wp-content/pear') in C:\Users\atous\Documents\Algonquin\Third Semester\CMS\MTM6303\inclass-4\site\app\public\index.php on line 2
[26-Feb-2022 23:37:32 UTC] PHP Stack trace:
[26-Feb-2022 23:37:32 UTC] PHP   1. {main}() C:\Users\atous\Documents\Algonquin\Third Semester\CMS\MTM6303\inclass-4\site\app\public\index.php:0
[26-Feb-2022 23:38:36 UTC] PHP Warning:  include(includes/header.php): failed to open stream: No such file or directory in C:\Users\atous\Documents\Algonquin\Third Semester\CMS\MTM6303\inclass-4\site\app\public\index.php on line 6
[26-Feb-2022 23:38:36 UTC] PHP Stack trace:
[26-Feb-2022 23:38:36 UTC] PHP   1. {main}() C:\Users\atous\Documents\Algonquin\Third Semester\CMS\MTM6303\inclass-4\site\app\public\index.php:0
[26-Feb-2022 23:38:36 UTC] PHP Warning:  include(): Failed opening 'includes/header.php' for inclusion (include_path='.:/usr/share/php:/www/wp-content/pear') in C:\Users\atous\Documents\Algonquin\Third Semester\CMS\MTM6303\inclass-4\site\app\public\index.php on line 6
[26-Feb-2022 23:38:36 UTC] PHP Stack trace:
[26-Feb-2022 23:38:36 UTC] PHP   1. {main}() C:\Users\atous\Documents\Algonquin\Third Semester\CMS\MTM6303\inclass-4\site\app\public\index.php:0
[26-Feb-2022 23:38:36 UTC] PHP Warning:  include(includes/footer.php): failed to open stream: No such file or directory in C:\Users\atous\Documents\Algonquin\Third Semester\CMS\MTM6303\inclass-4\site\app\public\index.php on line 132
[26-Feb-2022 23:38:36 UTC] PHP Stack trace:
[26-Feb-2022 23:38:36 UTC] PHP   1. {main}() C:\Users\atous\Documents\Algonquin\Third Semester\CMS\MTM6303\inclass-4\site\app\public\index.php:0
[26-Feb-2022 23:38:36 UTC] PHP Warning:  include(): Failed opening 'includes/footer.php' for inclusion (include_path='.:/usr/share/php:/www/wp-content/pear') in C:\Users\atous\Documents\Algonquin\Third Semester\CMS\MTM6303\inclass-4\site\app\public\index.php on line 132
[26-Feb-2022 23:38:36 UTC] PHP Stack trace:
[26-Feb-2022 23:38:36 UTC] PHP   1. {main}() C:\Users\atous\Documents\Algonquin\Third Semester\CMS\MTM6303\inclass-4\site\app\public\index.php:0
[26-Feb-2022 23:38:36 UTC] PHP Warning:  include(includes/header.php): failed to open stream: No such file or directory in C:\Users\atous\Documents\Algonquin\Third Semester\CMS\MTM6303\inclass-4\site\app\public\index.php on line 6
[26-Feb-2022 23:38:36 UTC] PHP Stack trace:
[26-Feb-2022 23:38:36 UTC] PHP   1. {main}() C:\Users\atous\Documents\Algonquin\Third Semester\CMS\MTM6303\inclass-4\site\app\public\index.php:0
[26-Feb-2022 23:38:36 UTC] PHP Warning:  include(): Failed opening 'includes/header.php' for inclusion (include_path='.:/usr/share/php:/www/wp-content/pear') in C:\Users\atous\Documents\Algonquin\Third Semester\CMS\MTM6303\inclass-4\site\app\public\index.php on line 6
[26-Feb-2022 23:38:36 UTC] PHP Stack trace:
[26-Feb-2022 23:38:36 UTC] PHP   1. {main}() C:\Users\atous\Documents\Algonquin\Third Semester\CMS\MTM6303\inclass-4\site\app\public\index.php:0
[26-Feb-2022 23:38:36 UTC] PHP Warning:  include(includes/footer.php): failed to open stream: No such file or directory in C:\Users\atous\Documents\Algonquin\Third Semester\CMS\MTM6303\inclass-4\site\app\public\index.php on line 132
[26-Feb-2022 23:38:36 UTC] PHP Stack trace:
[26-Feb-2022 23:38:36 UTC] PHP   1. {main}() C:\Users\atous\Documents\Algonquin\Third Semester\CMS\MTM6303\inclass-4\site\app\public\index.php:0
[26-Feb-2022 23:38:36 UTC] PHP Warning:  include(): Failed opening 'includes/footer.php' for inclusion (include_path='.:/usr/share/php:/www/wp-content/pear') in C:\Users\atous\Documents\Algonquin\Third Semester\CMS\MTM6303\inclass-4\site\app\public\index.php on line 132
[26-Feb-2022 23:38:36 UTC] PHP Stack trace:
[26-Feb-2022 23:38:36 UTC] PHP   1. {main}() C:\Users\atous\Documents\Algonquin\Third Semester\CMS\MTM6303\inclass-4\site\app\public\index.php:0
[26-Feb-2022 23:40:47 UTC] PHP Warning:  include(includes/footer.php): failed to open stream: No such file or directory in C:\Users\atous\Documents\Algonquin\Third Semester\CMS\MTM6303\inclass-4\site\app\public\index.php on line 132
[26-Feb-2022 23:40:47 UTC] PHP Stack trace:
[26-Feb-2022 23:40:47 UTC] PHP   1. {main}() C:\Users\atous\Documents\Algonquin\Third Semester\CMS\MTM6303\inclass-4\site\app\public\index.php:0
[26-Feb-2022 23:40:47 UTC] PHP Warning:  include(): Failed opening 'includes/footer.php' for inclusion (include_path='.:/usr/share/php:/www/wp-content/pear') in C:\Users\atous\Documents\Algonquin\Third Semester\CMS\MTM6303\inclass-4\site\app\public\index.php on line 132
[26-Feb-2022 23:40:47 UTC] PHP Stack trace:
[26-Feb-2022 23:40:47 UTC] PHP   1. {main}() C:\Users\atous\Documents\Algonquin\Third Semester\CMS\MTM6303\inclass-4\site\app\public\index.php:0
[26-Feb-2022 23:40:47 UTC] PHP Warning:  include(includes/footer.php): failed to open stream: No such file or directory in C:\Users\atous\Documents\Algonquin\Third Semester\CMS\MTM6303\inclass-4\site\app\public\index.php on line 132
[26-Feb-2022 23:40:47 UTC] PHP Stack trace:
[26-Feb-2022 23:40:47 UTC] PHP   1. {main}() C:\Users\atous\Documents\Algonquin\Third Semester\CMS\MTM6303\inclass-4\site\app\public\index.php:0
[26-Feb-2022 23:40:47 UTC] PHP Warning:  include(): Failed opening 'includes/footer.php' for inclusion (include_path='.:/usr/share/php:/www/wp-content/pear') in C:\Users\atous\Documents\Algonquin\Third Semester\CMS\MTM6303\inclass-4\site\app\public\index.php on line 132
[26-Feb-2022 23:40:47 UTC] PHP Stack trace:
[26-Feb-2022 23:40:47 UTC] PHP   1. {main}() C:\Users\atous\Documents\Algonquin\Third Semester\CMS\MTM6303\inclass-4\site\app\public\index.php:0
[26-Feb-2022 23:43:31 UTC] PHP Warning:  include(includes/footer.php): failed to open stream: No such file or directory in C:\Users\atous\Documents\Algonquin\Third Semester\CMS\MTM6303\inclass-4\site\app\public\index.php on line 132
[26-Feb-2022 23:43:31 UTC] PHP Stack trace:
[26-Feb-2022 23:43:31 UTC] PHP   1. {main}() C:\Users\atous\Documents\Algonquin\Third Semester\CMS\MTM6303\inclass-4\site\app\public\index.php:0
[26-Feb-2022 23:43:31 UTC] PHP Warning:  include(): Failed opening 'includes/footer.php' for inclusion (include_path='.:/usr/share/php:/www/wp-content/pear') in C:\Users\atous\Documents\Algonquin\Third Semester\CMS\MTM6303\inclass-4\site\app\public\index.php on line 132
[26-Feb-2022 23:43:31 UTC] PHP Stack trace:
[26-Feb-2022 23:43:31 UTC] PHP   1. {main}() C:\Users\atous\Documents\Algonquin\Third Semester\CMS\MTM6303\inclass-4\site\app\public\index.php:0
[26-Feb-2022 23:43:32 UTC] PHP Warning:  include(includes/footer.php): failed to open stream: No such file or directory in C:\Users\atous\Documents\Algonquin\Third Semester\CMS\MTM6303\inclass-4\site\app\public\index.php on line 132
[26-Feb-2022 23:43:32 UTC] PHP Stack trace:
[26-Feb-2022 23:43:32 UTC] PHP   1. {main}() C:\Users\atous\Documents\Algonquin\Third Semester\CMS\MTM6303\inclass-4\site\app\public\index.php:0
[26-Feb-2022 23:43:32 UTC] PHP Warning:  include(): Failed opening 'includes/footer.php' for inclusion (include_path='.:/usr/share/php:/www/wp-content/pear') in C:\Users\atous\Documents\Algonquin\Third Semester\CMS\MTM6303\inclass-4\site\app\public\index.php on line 132
[26-Feb-2022 23:43:32 UTC] PHP Stack trace:
[26-Feb-2022 23:43:32 UTC] PHP   1. {main}() C:\Users\atous\Documents\Algonquin\Third Semester\CMS\MTM6303\inclass-4\site\app\public\index.php:0
[26-Feb-2022 23:45:17 UTC] PHP Warning:  include(includes/footer.php): failed to open stream: No such file or directory in C:\Users\atous\Documents\Algonquin\Third Semester\CMS\MTM6303\inclass-4\site\app\public\index.php on line 132
[26-Feb-2022 23:45:17 UTC] PHP Stack trace:
[26-Feb-2022 23:45:17 UTC] PHP   1. {main}() C:\Users\atous\Documents\Algonquin\Third Semester\CMS\MTM6303\inclass-4\site\app\public\index.php:0
[26-Feb-2022 23:45:17 UTC] PHP Warning:  include(): Failed opening 'includes/footer.php' for inclusion (include_path='.:/usr/share/php:/www/wp-content/pear') in C:\Users\atous\Documents\Algonquin\Third Semester\CMS\MTM6303\inclass-4\site\app\public\index.php on line 132
[26-Feb-2022 23:45:17 UTC] PHP Stack trace:
[26-Feb-2022 23:45:17 UTC] PHP   1. {main}() C:\Users\atous\Documents\Algonquin\Third Semester\CMS\MTM6303\inclass-4\site\app\public\index.php:0
[26-Feb-2022 23:45:17 UTC] PHP Warning:  include(includes/footer.php): failed to open stream: No such file or directory in C:\Users\atous\Documents\Algonquin\Third Semester\CMS\MTM6303\inclass-4\site\app\public\index.php on line 132
[26-Feb-2022 23:45:17 UTC] PHP Stack trace:
[26-Feb-2022 23:45:17 UTC] PHP   1. {main}() C:\Users\atous\Documents\Algonquin\Third Semester\CMS\MTM6303\inclass-4\site\app\public\index.php:0
[26-Feb-2022 23:45:17 UTC] PHP Warning:  include(): Failed opening 'includes/footer.php' for inclusion (include_path='.:/usr/share/php:/www/wp-content/pear') in C:\Users\atous\Documents\Algonquin\Third Semester\CMS\MTM6303\inclass-4\site\app\public\index.php on line 132
[26-Feb-2022 23:45:17 UTC] PHP Stack trace:
[26-Feb-2022 23:45:17 UTC] PHP   1. {main}() C:\Users\atous\Documents\Algonquin\Third Semester\CMS\MTM6303\inclass-4\site\app\public\index.php:0
[26-Feb-2022 23:49:58 UTC] PHP Warning:  include(includes/footer.php): failed to open stream: No such file or directory in C:\Users\atous\Documents\Algonquin\Third Semester\CMS\MTM6303\inclass-4\site\app\public\index.php on line 109
[26-Feb-2022 23:49:58 UTC] PHP Stack trace:
[26-Feb-2022 23:49:58 UTC] PHP   1. {main}() C:\Users\atous\Documents\Algonquin\Third Semester\CMS\MTM6303\inclass-4\site\app\public\index.php:0
[26-Feb-2022 23:49:58 UTC] PHP Warning:  include(): Failed opening 'includes/footer.php' for inclusion (include_path='.:/usr/share/php:/www/wp-content/pear') in C:\Users\atous\Documents\Algonquin\Third Semester\CMS\MTM6303\inclass-4\site\app\public\index.php on line 109
[26-Feb-2022 23:49:58 UTC] PHP Stack trace:
[26-Feb-2022 23:49:58 UTC] PHP   1. {main}() C:\Users\atous\Documents\Algonquin\Third Semester\CMS\MTM6303\inclass-4\site\app\public\index.php:0
[26-Feb-2022 23:49:58 UTC] PHP Warning:  include(includes/footer.php): failed to open stream: No such file or directory in C:\Users\atous\Documents\Algonquin\Third Semester\CMS\MTM6303\inclass-4\site\app\public\index.php on line 109
[26-Feb-2022 23:49:58 UTC] PHP Stack trace:
[26-Feb-2022 23:49:58 UTC] PHP   1. {main}() C:\Users\atous\Documents\Algonquin\Third Semester\CMS\MTM6303\inclass-4\site\app\public\index.php:0
[26-Feb-2022 23:49:58 UTC] PHP Warning:  include(): Failed opening 'includes/footer.php' for inclusion (include_path='.:/usr/share/php:/www/wp-content/pear') in C:\Users\atous\Documents\Algonquin\Third Semester\CMS\MTM6303\inclass-4\site\app\public\index.php on line 109
[26-Feb-2022 23:49:58 UTC] PHP Stack trace:
[26-Feb-2022 23:49:58 UTC] PHP   1. {main}() C:\Users\atous\Documents\Algonquin\Third Semester\CMS\MTM6303\inclass-4\site\app\public\index.php:0
[26-Feb-2022 23:50:13 UTC] PHP Warning:  include(includes/footer.php): failed to open stream: No such file or directory in C:\Users\atous\Documents\Algonquin\Third Semester\CMS\MTM6303\inclass-4\site\app\public\index.php on line 107
[26-Feb-2022 23:50:13 UTC] PHP Stack trace:
[26-Feb-2022 23:50:13 UTC] PHP   1. {main}() C:\Users\atous\Documents\Algonquin\Third Semester\CMS\MTM6303\inclass-4\site\app\public\index.php:0
[26-Feb-2022 23:50:13 UTC] PHP Warning:  include(): Failed opening 'includes/footer.php' for inclusion (include_path='.:/usr/share/php:/www/wp-content/pear') in C:\Users\atous\Documents\Algonquin\Third Semester\CMS\MTM6303\inclass-4\site\app\public\index.php on line 107
[26-Feb-2022 23:50:13 UTC] PHP Stack trace:
[26-Feb-2022 23:50:13 UTC] PHP   1. {main}() C:\Users\atous\Documents\Algonquin\Third Semester\CMS\MTM6303\inclass-4\site\app\public\index.php:0
[26-Feb-2022 23:50:13 UTC] PHP Warning:  include(includes/footer.php): failed to open stream: No such file or directory in C:\Users\atous\Documents\Algonquin\Third Semester\CMS\MTM6303\inclass-4\site\app\public\index.php on line 107
[26-Feb-2022 23:50:13 UTC] PHP Stack trace:
[26-Feb-2022 23:50:13 UTC] PHP   1. {main}() C:\Users\atous\Documents\Algonquin\Third Semester\CMS\MTM6303\inclass-4\site\app\public\index.php:0
[26-Feb-2022 23:50:13 UTC] PHP Warning:  include(): Failed opening 'includes/footer.php' for inclusion (include_path='.:/usr/share/php:/www/wp-content/pear') in C:\Users\atous\Documents\Algonquin\Third Semester\CMS\MTM6303\inclass-4\site\app\public\index.php on line 107
[26-Feb-2022 23:50:13 UTC] PHP Stack trace:
[26-Feb-2022 23:50:13 UTC] PHP   1. {main}() C:\Users\atous\Documents\Algonquin\Third Semester\CMS\MTM6303\inclass-4\site\app\public\index.php:0
[26-Feb-2022 23:50:18 UTC] PHP Warning:  include(includes/footer.php): failed to open stream: No such file or directory in C:\Users\atous\Documents\Algonquin\Third Semester\CMS\MTM6303\inclass-4\site\app\public\index.php on line 107
[26-Feb-2022 23:50:18 UTC] PHP Stack trace:
[26-Feb-2022 23:50:18 UTC] PHP   1. {main}() C:\Users\atous\Documents\Algonquin\Third Semester\CMS\MTM6303\inclass-4\site\app\public\index.php:0
[26-Feb-2022 23:50:18 UTC] PHP Warning:  include(): Failed opening 'includes/footer.php' for inclusion (include_path='.:/usr/share/php:/www/wp-content/pear') in C:\Users\atous\Documents\Algonquin\Third Semester\CMS\MTM6303\inclass-4\site\app\public\index.php on line 107
[26-Feb-2022 23:50:18 UTC] PHP Stack trace:
[26-Feb-2022 23:50:18 UTC] PHP   1. {main}() C:\Users\atous\Documents\Algonquin\Third Semester\CMS\MTM6303\inclass-4\site\app\public\index.php:0
[26-Feb-2022 23:50:18 UTC] PHP Warning:  include(includes/footer.php): failed to open stream: No such file or directory in C:\Users\atous\Documents\Algonquin\Third Semester\CMS\MTM6303\inclass-4\site\app\public\index.php on line 107
[26-Feb-2022 23:50:18 UTC] PHP Stack trace:
[26-Feb-2022 23:50:18 UTC] PHP   1. {main}() C:\Users\atous\Documents\Algonquin\Third Semester\CMS\MTM6303\inclass-4\site\app\public\index.php:0
[26-Feb-2022 23:50:18 UTC] PHP Warning:  include(): Failed opening 'includes/footer.php' for inclusion (include_path='.:/usr/share/php:/www/wp-content/pear') in C:\Users\atous\Documents\Algonquin\Third Semester\CMS\MTM6303\inclass-4\site\app\public\index.php on line 107
[26-Feb-2022 23:50:18 UTC] PHP Stack trace:
[26-Feb-2022 23:50:18 UTC] PHP   1. {main}() C:\Users\atous\Documents\Algonquin\Third Semester\CMS\MTM6303\inclass-4\site\app\public\index.php:0
[26-Feb-2022 23:50:20 UTC] PHP Warning:  include(includes/footer.php): failed to open stream: No such file or directory in C:\Users\atous\Documents\Algonquin\Third Semester\CMS\MTM6303\inclass-4\site\app\public\index.php on line 107
[26-Feb-2022 23:50:20 UTC] PHP Stack trace:
[26-Feb-2022 23:50:20 UTC] PHP   1. {main}() C:\Users\atous\Documents\Algonquin\Third Semester\CMS\MTM6303\inclass-4\site\app\public\index.php:0
[26-Feb-2022 23:50:20 UTC] PHP Warning:  include(): Failed opening 'includes/footer.php' for inclusion (include_path='.:/usr/share/php:/www/wp-content/pear') in C:\Users\atous\Documents\Algonquin\Third Semester\CMS\MTM6303\inclass-4\site\app\public\index.php on line 107
[26-Feb-2022 23:50:20 UTC] PHP Stack trace:
[26-Feb-2022 23:50:20 UTC] PHP   1. {main}() C:\Users\atous\Documents\Algonquin\Third Semester\CMS\MTM6303\inclass-4\site\app\public\index.php:0
[26-Feb-2022 23:50:20 UTC] PHP Warning:  include(includes/footer.php): failed to open stream: No such file or directory in C:\Users\atous\Documents\Algonquin\Third Semester\CMS\MTM6303\inclass-4\site\app\public\index.php on line 107
[26-Feb-2022 23:50:20 UTC] PHP Stack trace:
[26-Feb-2022 23:50:20 UTC] PHP   1. {main}() C:\Users\atous\Documents\Algonquin\Third Semester\CMS\MTM6303\inclass-4\site\app\public\index.php:0
[26-Feb-2022 23:50:20 UTC] PHP Warning:  include(): Failed opening 'includes/footer.php' for inclusion (include_path='.:/usr/share/php:/www/wp-content/pear') in C:\Users\atous\Documents\Algonquin\Third Semester\CMS\MTM6303\inclass-4\site\app\public\index.php on line 107
[26-Feb-2022 23:50:20 UTC] PHP Stack trace:
[26-Feb-2022 23:50:20 UTC] PHP   1. {main}() C:\Users\atous\Documents\Algonquin\Third Semester\CMS\MTM6303\inclass-4\site\app\public\index.php:0
[26-Feb-2022 23:50:20 UTC] PHP Warning:  include(includes/footer.php): failed to open stream: No such file or directory in C:\Users\atous\Documents\Algonquin\Third Semester\CMS\MTM6303\inclass-4\site\app\public\index.php on line 107
[26-Feb-2022 23:50:20 UTC] PHP Stack trace:
[26-Feb-2022 23:50:20 UTC] PHP   1. {main}() C:\Users\atous\Documents\Algonquin\Third Semester\CMS\MTM6303\inclass-4\site\app\public\index.php:0
[26-Feb-2022 23:50:20 UTC] PHP Warning:  include(): Failed opening 'includes/footer.php' for inclusion (include_path='.:/usr/share/php:/www/wp-content/pear') in C:\Users\atous\Documents\Algonquin\Third Semester\CMS\MTM6303\inclass-4\site\app\public\index.php on line 107
[26-Feb-2022 23:50:20 UTC] PHP Stack trace:
[26-Feb-2022 23:50:20 UTC] PHP   1. {main}() C:\Users\atous\Documents\Algonquin\Third Semester\CMS\MTM6303\inclass-4\site\app\public\index.php:0
[26-Feb-2022 23:50:20 UTC] PHP Warning:  include(includes/footer.php): failed to open stream: No such file or directory in C:\Users\atous\Documents\Algonquin\Third Semester\CMS\MTM6303\inclass-4\site\app\public\index.php on line 107
[26-Feb-2022 23:50:20 UTC] PHP Stack trace:
[26-Feb-2022 23:50:20 UTC] PHP   1. {main}() C:\Users\atous\Documents\Algonquin\Third Semester\CMS\MTM6303\inclass-4\site\app\public\index.php:0
[26-Feb-2022 23:50:20 UTC] PHP Warning:  include(): Failed opening 'includes/footer.php' for inclusion (include_path='.:/usr/share/php:/www/wp-content/pear') in C:\Users\atous\Documents\Algonquin\Third Semester\CMS\MTM6303\inclass-4\site\app\public\index.php on line 107
[26-Feb-2022 23:50:20 UTC] PHP Stack trace:
[26-Feb-2022 23:50:20 UTC] PHP   1. {main}() C:\Users\atous\Documents\Algonquin\Third Semester\CMS\MTM6303\inclass-4\site\app\public\index.php:0
[26-Feb-2022 23:50:51 UTC] PHP Warning:  include(includes/footer.php): failed to open stream: No such file or directory in C:\Users\atous\Documents\Algonquin\Third Semester\CMS\MTM6303\inclass-4\site\app\public\index.php on line 109
[26-Feb-2022 23:50:51 UTC] PHP Stack trace:
[26-Feb-2022 23:50:51 UTC] PHP   1. {main}() C:\Users\atous\Documents\Algonquin\Third Semester\CMS\MTM6303\inclass-4\site\app\public\index.php:0
[26-Feb-2022 23:50:51 UTC] PHP Warning:  include(): Failed opening 'includes/footer.php' for inclusion (include_path='.:/usr/share/php:/www/wp-content/pear') in C:\Users\atous\Documents\Algonquin\Third Semester\CMS\MTM6303\inclass-4\site\app\public\index.php on line 109
[26-Feb-2022 23:50:51 UTC] PHP Stack trace:
[26-Feb-2022 23:50:51 UTC] PHP   1. {main}() C:\Users\atous\Documents\Algonquin\Third Semester\CMS\MTM6303\inclass-4\site\app\public\index.php:0
[26-Feb-2022 23:50:51 UTC] PHP Warning:  include(includes/footer.php): failed to open stream: No such file or directory in C:\Users\atous\Documents\Algonquin\Third Semester\CMS\MTM6303\inclass-4\site\app\public\index.php on line 109
[26-Feb-2022 23:50:51 UTC] PHP Stack trace:
[26-Feb-2022 23:50:51 UTC] PHP   1. {main}() C:\Users\atous\Documents\Algonquin\Third Semester\CMS\MTM6303\inclass-4\site\app\public\index.php:0
[26-Feb-2022 23:50:51 UTC] PHP Warning:  include(): Failed opening 'includes/footer.php' for inclusion (include_path='.:/usr/share/php:/www/wp-content/pear') in C:\Users\atous\Documents\Algonquin\Third Semester\CMS\MTM6303\inclass-4\site\app\public\index.php on line 109
[26-Feb-2022 23:50:51 UTC] PHP Stack trace:
[26-Feb-2022 23:50:51 UTC] PHP   1. {main}() C:\Users\atous\Documents\Algonquin\Third Semester\CMS\MTM6303\inclass-4\site\app\public\index.php:0
[26-Feb-2022 23:56:46 UTC] PHP Warning:  include(includes/footer.php): failed to open stream: No such file or directory in C:\Users\atous\Documents\Algonquin\Third Semester\CMS\MTM6303\inclass-4\site\app\public\index.php on line 109
[26-Feb-2022 23:56:46 UTC] PHP Stack trace:
[26-Feb-2022 23:56:46 UTC] PHP   1. {main}() C:\Users\atous\Documents\Algonquin\Third Semester\CMS\MTM6303\inclass-4\site\app\public\index.php:0
[26-Feb-2022 23:56:46 UTC] PHP Warning:  include(): Failed opening 'includes/footer.php' for inclusion (include_path='.:/usr/share/php:/www/wp-content/pear') in C:\Users\atous\Documents\Algonquin\Third Semester\CMS\MTM6303\inclass-4\site\app\public\index.php on line 109
[26-Feb-2022 23:56:46 UTC] PHP Stack trace:
[26-Feb-2022 23:56:46 UTC] PHP   1. {main}() C:\Users\atous\Documents\Algonquin\Third Semester\CMS\MTM6303\inclass-4\site\app\public\index.php:0
[26-Feb-2022 23:56:46 UTC] PHP Warning:  include(includes/footer.php): failed to open stream: No such file or directory in C:\Users\atous\Documents\Algonquin\Third Semester\CMS\MTM6303\inclass-4\site\app\public\index.php on line 109
[26-Feb-2022 23:56:46 UTC] PHP Stack trace:
[26-Feb-2022 23:56:46 UTC] PHP   1. {main}() C:\Users\atous\Documents\Algonquin\Third Semester\CMS\MTM6303\inclass-4\site\app\public\index.php:0
[26-Feb-2022 23:56:46 UTC] PHP Warning:  include(): Failed opening 'includes/footer.php' for inclusion (include_path='.:/usr/share/php:/www/wp-content/pear') in C:\Users\atous\Documents\Algonquin\Third Semester\CMS\MTM6303\inclass-4\site\app\public\index.php on line 109
[26-Feb-2022 23:56:46 UTC] PHP Stack trace:
[26-Feb-2022 23:56:46 UTC] PHP   1. {main}() C:\Users\atous\Documents\Algonquin\Third Semester\CMS\MTM6303\inclass-4\site\app\public\index.php:0
[26-Feb-2022 23:56:56 UTC] PHP Warning:  include(includes/footer.php): failed to open stream: No such file or directory in C:\Users\atous\Documents\Algonquin\Third Semester\CMS\MTM6303\inclass-4\site\app\public\index.php on line 109
[26-Feb-2022 23:56:56 UTC] PHP Stack trace:
[26-Feb-2022 23:56:56 UTC] PHP   1. {main}() C:\Users\atous\Documents\Algonquin\Third Semester\CMS\MTM6303\inclass-4\site\app\public\index.php:0
[26-Feb-2022 23:56:56 UTC] PHP Warning:  include(): Failed opening 'includes/footer.php' for inclusion (include_path='.:/usr/share/php:/www/wp-content/pear') in C:\Users\atous\Documents\Algonquin\Third Semester\CMS\MTM6303\inclass-4\site\app\public\index.php on line 109
[26-Feb-2022 23:56:56 UTC] PHP Stack trace:
[26-Feb-2022 23:56:56 UTC] PHP   1. {main}() C:\Users\atous\Documents\Algonquin\Third Semester\CMS\MTM6303\inclass-4\site\app\public\index.php:0
[26-Feb-2022 23:56:56 UTC] PHP Warning:  include(includes/footer.php): failed to open stream: No such file or directory in C:\Users\atous\Documents\Algonquin\Third Semester\CMS\MTM6303\inclass-4\site\app\public\index.php on line 109
[26-Feb-2022 23:56:56 UTC] PHP Stack trace:
[26-Feb-2022 23:56:56 UTC] PHP   1. {main}() C:\Users\atous\Documents\Algonquin\Third Semester\CMS\MTM6303\inclass-4\site\app\public\index.php:0
[26-Feb-2022 23:56:56 UTC] PHP Warning:  include(): Failed opening 'includes/footer.php' for inclusion (include_path='.:/usr/share/php:/www/wp-content/pear') in C:\Users\atous\Documents\Algonquin\Third Semester\CMS\MTM6303\inclass-4\site\app\public\index.php on line 109
[26-Feb-2022 23:56:56 UTC] PHP Stack trace:
[26-Feb-2022 23:56:56 UTC] PHP   1. {main}() C:\Users\atous\Documents\Algonquin\Third Semester\CMS\MTM6303\inclass-4\site\app\public\index.php:0
[26-Feb-2022 23:57:30 UTC] PHP Warning:  include(includes/footer.php): failed to open stream: No such file or directory in C:\Users\atous\Documents\Algonquin\Third Semester\CMS\MTM6303\inclass-4\site\app\public\index.php on line 109
[26-Feb-2022 23:57:30 UTC] PHP Stack trace:
[26-Feb-2022 23:57:30 UTC] PHP   1. {main}() C:\Users\atous\Documents\Algonquin\Third Semester\CMS\MTM6303\inclass-4\site\app\public\index.php:0
[26-Feb-2022 23:57:30 UTC] PHP Warning:  include(): Failed opening 'includes/footer.php' for inclusion (include_path='.:/usr/share/php:/www/wp-content/pear') in C:\Users\atous\Documents\Algonquin\Third Semester\CMS\MTM6303\inclass-4\site\app\public\index.php on line 109
[26-Feb-2022 23:57:30 UTC] PHP Stack trace:
[26-Feb-2022 23:57:30 UTC] PHP   1. {main}() C:\Users\atous\Documents\Algonquin\Third Semester\CMS\MTM6303\inclass-4\site\app\public\index.php:0
[26-Feb-2022 23:57:30 UTC] PHP Warning:  include(includes/footer.php): failed to open stream: No such file or directory in C:\Users\atous\Documents\Algonquin\Third Semester\CMS\MTM6303\inclass-4\site\app\public\index.php on line 109
[26-Feb-2022 23:57:30 UTC] PHP Stack trace:
[26-Feb-2022 23:57:30 UTC] PHP   1. {main}() C:\Users\atous\Documents\Algonquin\Third Semester\CMS\MTM6303\inclass-4\site\app\public\index.php:0
[26-Feb-2022 23:57:30 UTC] PHP Warning:  include(): Failed opening 'includes/footer.php' for inclusion (include_path='.:/usr/share/php:/www/wp-content/pear') in C:\Users\atous\Documents\Algonquin\Third Semester\CMS\MTM6303\inclass-4\site\app\public\index.php on line 109
[26-Feb-2022 23:57:30 UTC] PHP Stack trace:
[26-Feb-2022 23:57:30 UTC] PHP   1. {main}() C:\Users\atous\Documents\Algonquin\Third Semester\CMS\MTM6303\inclass-4\site\app\public\index.php:0
[26-Feb-2022 23:57:32 UTC] PHP Warning:  include(includes/footer.php): failed to open stream: No such file or directory in C:\Users\atous\Documents\Algonquin\Third Semester\CMS\MTM6303\inclass-4\site\app\public\index.php on line 109
[26-Feb-2022 23:57:32 UTC] PHP Stack trace:
[26-Feb-2022 23:57:32 UTC] PHP   1. {main}() C:\Users\atous\Documents\Algonquin\Third Semester\CMS\MTM6303\inclass-4\site\app\public\index.php:0
[26-Feb-2022 23:57:32 UTC] PHP Warning:  include(): Failed opening 'includes/footer.php' for inclusion (include_path='.:/usr/share/php:/www/wp-content/pear') in C:\Users\atous\Documents\Algonquin\Third Semester\CMS\MTM6303\inclass-4\site\app\public\index.php on line 109
[26-Feb-2022 23:57:32 UTC] PHP Stack trace:
[26-Feb-2022 23:57:32 UTC] PHP   1. {main}() C:\Users\atous\Documents\Algonquin\Third Semester\CMS\MTM6303\inclass-4\site\app\public\index.php:0
[26-Feb-2022 23:57:32 UTC] PHP Warning:  include(includes/footer.php): failed to open stream: No such file or directory in C:\Users\atous\Documents\Algonquin\Third Semester\CMS\MTM6303\inclass-4\site\app\public\index.php on line 109
[26-Feb-2022 23:57:32 UTC] PHP Stack trace:
[26-Feb-2022 23:57:32 UTC] PHP   1. {main}() C:\Users\atous\Documents\Algonquin\Third Semester\CMS\MTM6303\inclass-4\site\app\public\index.php:0
[26-Feb-2022 23:57:32 UTC] PHP Warning:  include(): Failed opening 'includes/footer.php' for inclusion (include_path='.:/usr/share/php:/www/wp-content/pear') in C:\Users\atous\Documents\Algonquin\Third Semester\CMS\MTM6303\inclass-4\site\app\public\index.php on line 109
[26-Feb-2022 23:57:32 UTC] PHP Stack trace:
[26-Feb-2022 23:57:32 UTC] PHP   1. {main}() C:\Users\atous\Documents\Algonquin\Third Semester\CMS\MTM6303\inclass-4\site\app\public\index.php:0
[26-Feb-2022 23:57:33 UTC] PHP Warning:  include(includes/footer.php): failed to open stream: No such file or directory in C:\Users\atous\Documents\Algonquin\Third Semester\CMS\MTM6303\inclass-4\site\app\public\index.php on line 109
[26-Feb-2022 23:57:33 UTC] PHP Stack trace:
[26-Feb-2022 23:57:33 UTC] PHP   1. {main}() C:\Users\atous\Documents\Algonquin\Third Semester\CMS\MTM6303\inclass-4\site\app\public\index.php:0
[26-Feb-2022 23:57:33 UTC] PHP Warning:  include(): Failed opening 'includes/footer.php' for inclusion (include_path='.:/usr/share/php:/www/wp-content/pear') in C:\Users\atous\Documents\Algonquin\Third Semester\CMS\MTM6303\inclass-4\site\app\public\index.php on line 109
[26-Feb-2022 23:57:33 UTC] PHP Stack trace:
[26-Feb-2022 23:57:33 UTC] PHP   1. {main}() C:\Users\atous\Documents\Algonquin\Third Semester\CMS\MTM6303\inclass-4\site\app\public\index.php:0
[26-Feb-2022 23:57:33 UTC] PHP Warning:  include(includes/footer.php): failed to open stream: No such file or directory in C:\Users\atous\Documents\Algonquin\Third Semester\CMS\MTM6303\inclass-4\site\app\public\index.php on line 109
[26-Feb-2022 23:57:33 UTC] PHP Stack trace:
[26-Feb-2022 23:57:33 UTC] PHP   1. {main}() C:\Users\atous\Documents\Algonquin\Third Semester\CMS\MTM6303\inclass-4\site\app\public\index.php:0
[26-Feb-2022 23:57:33 UTC] PHP Warning:  include(): Failed opening 'includes/footer.php' for inclusion (include_path='.:/usr/share/php:/www/wp-content/pear') in C:\Users\atous\Documents\Algonquin\Third Semester\CMS\MTM6303\inclass-4\site\app\public\index.php on line 109
[26-Feb-2022 23:57:33 UTC] PHP Stack trace:
[26-Feb-2022 23:57:33 UTC] PHP   1. {main}() C:\Users\atous\Documents\Algonquin\Third Semester\CMS\MTM6303\inclass-4\site\app\public\index.php:0
[26-Feb-2022 23:57:35 UTC] PHP Warning:  include(includes/footer.php): failed to open stream: No such file or directory in C:\Users\atous\Documents\Algonquin\Third Semester\CMS\MTM6303\inclass-4\site\app\public\index.php on line 109
[26-Feb-2022 23:57:35 UTC] PHP Stack trace:
[26-Feb-2022 23:57:35 UTC] PHP   1. {main}() C:\Users\atous\Documents\Algonquin\Third Semester\CMS\MTM6303\inclass-4\site\app\public\index.php:0
[26-Feb-2022 23:57:35 UTC] PHP Warning:  include(): Failed opening 'includes/footer.php' for inclusion (include_path='.:/usr/share/php:/www/wp-content/pear') in C:\Users\atous\Documents\Algonquin\Third Semester\CMS\MTM6303\inclass-4\site\app\public\index.php on line 109
[26-Feb-2022 23:57:35 UTC] PHP Stack trace:
[26-Feb-2022 23:57:35 UTC] PHP   1. {main}() C:\Users\atous\Documents\Algonquin\Third Semester\CMS\MTM6303\inclass-4\site\app\public\index.php:0
[26-Feb-2022 23:57:35 UTC] PHP Warning:  include(includes/footer.php): failed to open stream: No such file or directory in C:\Users\atous\Documents\Algonquin\Third Semester\CMS\MTM6303\inclass-4\site\app\public\index.php on line 109
[26-Feb-2022 23:57:35 UTC] PHP Stack trace:
[26-Feb-2022 23:57:35 UTC] PHP   1. {main}() C:\Users\atous\Documents\Algonquin\Third Semester\CMS\MTM6303\inclass-4\site\app\public\index.php:0
[26-Feb-2022 23:57:35 UTC] PHP Warning:  include(): Failed opening 'includes/footer.php' for inclusion (include_path='.:/usr/share/php:/www/wp-content/pear') in C:\Users\atous\Documents\Algonquin\Third Semester\CMS\MTM6303\inclass-4\site\app\public\index.php on line 109
[26-Feb-2022 23:57:35 UTC] PHP Stack trace:
[26-Feb-2022 23:57:35 UTC] PHP   1. {main}() C:\Users\atous\Documents\Algonquin\Third Semester\CMS\MTM6303\inclass-4\site\app\public\index.php:0
[27-Feb-2022 00:06:08 UTC] PHP Notice:  Undefined variable: title in C:\Users\atous\Documents\Algonquin\Third Semester\CMS\MTM6303\inclass-4\site\app\public\includes\header.php on line 19
[27-Feb-2022 00:06:08 UTC] PHP Stack trace:
[27-Feb-2022 00:06:08 UTC] PHP   1. {main}() C:\Users\atous\Documents\Algonquin\Third Semester\CMS\MTM6303\inclass-4\site\app\public\index.php:0
[27-Feb-2022 00:06:08 UTC] PHP   2. include() C:\Users\atous\Documents\Algonquin\Third Semester\CMS\MTM6303\inclass-4\site\app\public\index.php:6
[27-Feb-2022 00:06:08 UTC] PHP Notice:  Undefined variable: current_page in C:\Users\atous\Documents\Algonquin\Third Semester\CMS\MTM6303\inclass-4\site\app\public\includes\header.php on line 44
[27-Feb-2022 00:06:08 UTC] PHP Stack trace:
[27-Feb-2022 00:06:08 UTC] PHP   1. {main}() C:\Users\atous\Documents\Algonquin\Third Semester\CMS\MTM6303\inclass-4\site\app\public\index.php:0
[27-Feb-2022 00:06:08 UTC] PHP   2. include() C:\Users\atous\Documents\Algonquin\Third Semester\CMS\MTM6303\inclass-4\site\app\public\index.php:6
[27-Feb-2022 00:06:08 UTC] PHP Notice:  Undefined variable: current_page in C:\Users\atous\Documents\Algonquin\Third Semester\CMS\MTM6303\inclass-4\site\app\public\includes\header.php on line 47
[27-Feb-2022 00:06:08 UTC] PHP Stack trace:
[27-Feb-2022 00:06:08 UTC] PHP   1. {main}() C:\Users\atous\Documents\Algonquin\Third Semester\CMS\MTM6303\inclass-4\site\app\public\index.php:0
[27-Feb-2022 00:06:08 UTC] PHP   2. include() C:\Users\atous\Documents\Algonquin\Third Semester\CMS\MTM6303\inclass-4\site\app\public\index.php:6
[27-Feb-2022 00:06:08 UTC] PHP Notice:  Undefined variable: current_page in C:\Users\atous\Documents\Algonquin\Third Semester\CMS\MTM6303\inclass-4\site\app\public\includes\header.php on line 50
[27-Feb-2022 00:06:08 UTC] PHP Stack trace:
[27-Feb-2022 00:06:08 UTC] PHP   1. {main}() C:\Users\atous\Documents\Algonquin\Third Semester\CMS\MTM6303\inclass-4\site\app\public\index.php:0
[27-Feb-2022 00:06:08 UTC] PHP   2. include() C:\Users\atous\Documents\Algonquin\Third Semester\CMS\MTM6303\inclass-4\site\app\public\index.php:6
[27-Feb-2022 00:06:08 UTC] PHP Notice:  Undefined variable: title in C:\Users\atous\Documents\Algonquin\Third Semester\CMS\MTM6303\inclass-4\site\app\public\includes\header.php on line 19
[27-Feb-2022 00:06:08 UTC] PHP Stack trace:
[27-Feb-2022 00:06:08 UTC] PHP   1. {main}() C:\Users\atous\Documents\Algonquin\Third Semester\CMS\MTM6303\inclass-4\site\app\public\index.php:0
[27-Feb-2022 00:06:08 UTC] PHP   2. include() C:\Users\atous\Documents\Algonquin\Third Semester\CMS\MTM6303\inclass-4\site\app\public\index.php:6
[27-Feb-2022 00:06:08 UTC] PHP Notice:  Undefined variable: current_page in C:\Users\atous\Documents\Algonquin\Third Semester\CMS\MTM6303\inclass-4\site\app\public\includes\header.php on line 44
[27-Feb-2022 00:06:08 UTC] PHP Stack trace:
[27-Feb-2022 00:06:08 UTC] PHP   1. {main}() C:\Users\atous\Documents\Algonquin\Third Semester\CMS\MTM6303\inclass-4\site\app\public\index.php:0
[27-Feb-2022 00:06:08 UTC] PHP   2. include() C:\Users\atous\Documents\Algonquin\Third Semester\CMS\MTM6303\inclass-4\site\app\public\index.php:6
[27-Feb-2022 00:06:08 UTC] PHP Notice:  Undefined variable: current_page in C:\Users\atous\Documents\Algonquin\Third Semester\CMS\MTM6303\inclass-4\site\app\public\includes\header.php on line 47
[27-Feb-2022 00:06:08 UTC] PHP Stack trace:
[27-Feb-2022 00:06:08 UTC] PHP   1. {main}() C:\Users\atous\Documents\Algonquin\Third Semester\CMS\MTM6303\inclass-4\site\app\public\index.php:0
[27-Feb-2022 00:06:08 UTC] PHP   2. include() C:\Users\atous\Documents\Algonquin\Third Semester\CMS\MTM6303\inclass-4\site\app\public\index.php:6
[27-Feb-2022 00:06:08 UTC] PHP Notice:  Undefined variable: current_page in C:\Users\atous\Documents\Algonquin\Third Semester\CMS\MTM6303\inclass-4\site\app\public\includes\header.php on line 50
[27-Feb-2022 00:06:08 UTC] PHP Stack trace:
[27-Feb-2022 00:06:08 UTC] PHP   1. {main}() C:\Users\atous\Documents\Algonquin\Third Semester\CMS\MTM6303\inclass-4\site\app\public\index.php:0
[27-Feb-2022 00:06:08 UTC] PHP   2. include() C:\Users\atous\Documents\Algonquin\Third Semester\CMS\MTM6303\inclass-4\site\app\public\index.php:6
[27-Feb-2022 02:12:55 UTC] PHP Parse error:  syntax error, unexpected '=' in C:\Users\atous\Documents\Algonquin\Third Semester\CMS\MTM6303\inclass-4\site\app\public\pricing.php on line 31
[27-Feb-2022 02:13:40 UTC] PHP Parse error:  syntax error, unexpected '=' in C:\Users\atous\Documents\Algonquin\Third Semester\CMS\MTM6303\inclass-4\site\app\public\pricing.php on line 31
[27-Feb-2022 02:13:43 UTC] PHP Parse error:  syntax error, unexpected '=' in C:\Users\atous\Documents\Algonquin\Third Semester\CMS\MTM6303\inclass-4\site\app\public\pricing.php on line 31
[27-Feb-2022 02:13:43 UTC] PHP Parse error:  syntax error, unexpected '=' in C:\Users\atous\Documents\Algonquin\Third Semester\CMS\MTM6303\inclass-4\site\app\public\pricing.php on line 31
[27-Feb-2022 02:13:43 UTC] PHP Parse error:  syntax error, unexpected '=' in C:\Users\atous\Documents\Algonquin\Third Semester\CMS\MTM6303\inclass-4\site\app\public\pricing.php on line 31
[27-Feb-2022 02:13:43 UTC] PHP Parse error:  syntax error, unexpected '=' in C:\Users\atous\Documents\Algonquin\Third Semester\CMS\MTM6303\inclass-4\site\app\public\pricing.php on line 31
[27-Feb-2022 02:13:44 UTC] PHP Parse error:  syntax error, unexpected '=' in C:\Users\atous\Documents\Algonquin\Third Semester\CMS\MTM6303\inclass-4\site\app\public\pricing.php on line 31
[27-Feb-2022 02:13:44 UTC] PHP Parse error:  syntax error, unexpected '=' in C:\Users\atous\Documents\Algonquin\Third Semester\CMS\MTM6303\inclass-4\site\app\public\pricing.php on line 31
[27-Feb-2022 02:13:56 UTC] PHP Parse error:  syntax error, unexpected '=' in C:\Users\atous\Documents\Algonquin\Third Semester\CMS\MTM6303\inclass-4\site\app\public\pricing.php on line 31
[27-Feb-2022 02:14:00 UTC] PHP Parse error:  syntax error, unexpected '=' in C:\Users\atous\Documents\Algonquin\Third Semester\CMS\MTM6303\inclass-4\site\app\public\pricing.php on line 31
[27-Feb-2022 02:14:00 UTC] PHP Parse error:  syntax error, unexpected '=' in C:\Users\atous\Documents\Algonquin\Third Semester\CMS\MTM6303\inclass-4\site\app\public\pricing.php on line 31
[27-Feb-2022 02:14:00 UTC] PHP Parse error:  syntax error, unexpected '=' in C:\Users\atous\Documents\Algonquin\Third Semester\CMS\MTM6303\inclass-4\site\app\public\pricing.php on line 31
[27-Feb-2022 02:14:01 UTC] PHP Parse error:  syntax error, unexpected '=' in C:\Users\atous\Documents\Algonquin\Third Semester\CMS\MTM6303\inclass-4\site\app\public\pricing.php on line 31
[27-Feb-2022 02:14:01 UTC] PHP Parse error:  syntax error, unexpected '=' in C:\Users\atous\Documents\Algonquin\Third Semester\CMS\MTM6303\inclass-4\site\app\public\pricing.php on line 31
[27-Feb-2022 02:51:06 UTC] PHP Parse error:  syntax error, unexpected ']' in C:\Users\atous\Documents\Algonquin\Third Semester\CMS\MTM6303\inclass-4\site\app\public\pricing.php on line 47
